<?xml version="1.0" encoding="UTF-8"?>
<testng-results ignored="0" total="2" passed="2" failed="0" skipped="0">
  <reporter-output>
  </reporter-output>
  <suite started-at="2018-03-04T19:41:59Z" name="Presta shop automation tests" finished-at="2018-03-04T19:42:38Z" duration-ms="38608">
    <groups>
    </groups>
    <test started-at="2018-03-04T19:41:59Z" name="Search tests" finished-at="2018-03-04T19:42:38Z" duration-ms="38608">
      <class name="tests.search.SearchTest">
        <test-method is-config="true" signature="setUp(java.lang.String)[pri:0, instance:tests.search.SearchTest@5b94b04d]" started-at="2018-03-04T13:41:59Z" name="setUp" finished-at="2018-03-04T13:42:08Z" duration-ms="8881" status="PASS">
          <params>
            <param index="0">
              <value>
                <![CDATA[chrome]]>
              </value>
            </param>
          </params>
          <reporter-output>
          </reporter-output>
        </test-method> <!-- setUp -->
        <test-method signature="searchTest()[pri:0, instance:tests.search.SearchTest@5b94b04d]" started-at="2018-03-04T13:42:08Z" name="searchTest" finished-at="2018-03-04T13:42:30Z" duration-ms="22273" status="PASS">
          <reporter-output>
          </reporter-output>
        </test-method> <!-- searchTest -->
        <test-method signature="productDetailsTest()[pri:1, instance:tests.search.SearchTest@5b94b04d]" started-at="2018-03-04T13:42:30Z" name="productDetailsTest" finished-at="2018-03-04T13:42:32Z" duration-ms="1697" status="PASS">
          <reporter-output>
          </reporter-output>
        </test-method> <!-- productDetailsTest -->
        <test-method is-config="true" signature="tearDown()[pri:0, instance:tests.search.SearchTest@5b94b04d]" started-at="2018-03-04T13:42:32Z" name="tearDown" finished-at="2018-03-04T13:42:38Z" duration-ms="5735" status="PASS">
          <reporter-output>
          </reporter-output>
        </test-method> <!-- tearDown -->
      </class> <!-- tests.search.SearchTest -->
    </test> <!-- Search tests -->
  </suite> <!-- Presta shop automation tests -->
</testng-results>
